There are 195078 lines.
Execution time: 61616 us - 61 ms - 0 s

Thread 0 additional information:
File C:\Users\Andrei\C++\ECSEngine\Editor\src\DrawFunction.h has 112 sloc.
File C:\Users\Andrei\C++\ECSEngine\Editor\src\DrawFunction2.h has 640 sloc.
File C:\Users\Andrei\C++\ECSEngine\Editor\src\editorpch.cpp has 1 sloc.
File C:\Users\Andrei\C++\ECSEngine\Editor\src\editorpch.h has 8 sloc.
File C:\Users\Andrei\C++\ECSEngine\Editor\src\HelperWindows.cpp has 294 sloc.
File C:\Users\Andrei\C++\ECSEngine\Editor\src\HelperWindows.h has 64 sloc.
File C:\Users\Andrei\C++\ECSEngine\Editor\src\UI\AssetExplorer.cpp has 187 sloc.
File C:\Users\Andrei\C++\ECSEngine\Editor\src\UI\AssetExplorer.h has 21 sloc.
File C:\Users\Andrei\C++\ECSEngine\Editor\src\UI\AssetIcons.h has 7 sloc.
File C:\Users\Andrei\C++\ECSEngine\Editor\src\UI\AssetOverrides.cpp has 1098 sloc.
File C:\Users\Andrei\C++\ECSEngine\Editor\src\UI\AssetOverrides.h has 75 sloc.
File C:\Users\Andrei\C++\ECSEngine\Editor\src\UI\AssetSettingHelper.cpp has 392 sloc.
File C:\Users\Andrei\C++\ECSEngine\Editor\src\UI\AssetSettingHelper.h has 82 sloc.
File C:\Users\Andrei\C++\ECSEngine\Editor\src\UI\Backups.cpp has 385 sloc.
File C:\Users\Andrei\C++\ECSEngine\Editor\src\UI\Backups.h has 28 sloc.
File C:\Users\Andrei\C++\ECSEngine\ECSEngine\src\Includes\ECSEngine.h has 40 sloc.
File C:\Users\Andrei\C++\ECSEngine\Editor\src\UI\CreateScene.cpp has 375 sloc.
File C:\Users\Andrei\C++\ECSEngine\Editor\src\UI\CreateScene.h has 35 sloc.
File C:\Users\Andrei\C++\ECSEngine\Editor\src\UI\DirectoryExplorer.cpp has 462 sloc.
File C:\Users\Andrei\C++\ECSEngine\Editor\src\UI\DirectoryExplorer.h has 22 sloc.
File C:\Users\Andrei\C++\ECSEngine\ECSEngine\src\Includes\ECSEngineAllocatorPolymorphic.h has 3 sloc.
File C:\Users\Andrei\C++\ECSEngine\Editor\src\UI\EntitiesUI.cpp has 609 sloc.
File C:\Users\Andrei\C++\ECSEngine\ECSEngine\src\Includes\ECSEngineAllocators.h has 9 sloc.
File C:\Users\Andrei\C++\ECSEngine\Editor\src\UI\EntitiesUI.h has 39 sloc.

Thread 1 additional information:
File C:\Users\Andrei\C++\ECSEngine\ECSEngine\src\Includes\ECSEngineApplication.h has 3 sloc.
File C:\Users\Andrei\C++\ECSEngine\ECSEngine\src\Includes\ECSEngineApplicationUtilities.h has 2 sloc.
File C:\Users\Andrei\C++\ECSEngine\Editor\src\UI\FileExplorer.cpp has 2426 sloc.
File C:\Users\Andrei\C++\ECSEngine\ECSEngine\src\Includes\ECSEngineAssetMacros.h has 2 sloc.
File C:\Users\Andrei\C++\ECSEngine\Editor\src\UI\FileExplorer.h has 25 sloc.
File C:\Users\Andrei\C++\ECSEngine\ECSEngine\src\Includes\ECSEngineAssets.h has 5 sloc.
File C:\Users\Andrei\C++\ECSEngine\Editor\src\UI\FileExplorerData.h has 62 sloc.
File C:\Users\Andrei\C++\ECSEngine\ECSEngine\src\Includes\ECSEngineBasics.h has 5 sloc.
File C:\Users\Andrei\C++\ECSEngine\Editor\src\UI\Game.cpp has 107 sloc.
File C:\Users\Andrei\C++\ECSEngine\ECSEngine\src\Includes\ECSEngineBenchmark.h has 2 sloc.
File C:\Users\Andrei\C++\ECSEngine\Editor\src\UI\Game.h has 33 sloc.
File C:\Users\Andrei\C++\ECSEngine\ECSEngine\src\Includes\ECSEngineComponents.h has 3 sloc.
File C:\Users\Andrei\C++\ECSEngine\Editor\src\UI\Hub.cpp has 704 sloc.
File C:\Users\Andrei\C++\ECSEngine\ECSEngine\src\Includes\ECSEngineConcurrentPrimitives.h has 2 sloc.
File C:\Users\Andrei\C++\ECSEngine\Editor\src\UI\Hub.h has 30 sloc.
File C:\Users\Andrei\C++\ECSEngine\ECSEngine\src\Includes\ECSEngineConsole.h has 3 sloc.
File C:\Users\Andrei\C++\ECSEngine\Editor\src\UI\HubData.h has 15 sloc.
File C:\Users\Andrei\C++\ECSEngine\ECSEngine\src\Includes\ECSEngineContainers.h has 13 sloc.
File C:\Users\Andrei\C++\ECSEngine\ECSEngine\src\Includes\ECSEngineCrash.h has 3 sloc.
File C:\Users\Andrei\C++\ECSEngine\Editor\src\UI\Inspector.cpp has 587 sloc.
File C:\Users\Andrei\C++\ECSEngine\Editor\src\UI\Inspector.h has 56 sloc.
File C:\Users\Andrei\C++\ECSEngine\ECSEngine\src\Includes\ECSEngineDebugDrawer.h has 2 sloc.
File C:\Users\Andrei\C++\ECSEngine\ECSEngine\src\Includes\ECSEngineECSRuntimeResources.h has 2 sloc.
File C:\Users\Andrei\C++\ECSEngine\Editor\src\UI\InspectorData.h has 62 sloc.

Thread 2 additional information:
File C:\Users\Andrei\C++\ECSEngine\Editor\src\UI\MiscellaneousBar.cpp has 176 sloc.
File C:\Users\Andrei\C++\ECSEngine\Editor\src\UI\MiscellaneousBar.h has 14 sloc.
File C:\Users\Andrei\C++\ECSEngine\ECSEngine\src\Includes\ECSEngineEntities.h has 2 sloc.
File C:\Users\Andrei\C++\ECSEngine\Editor\src\UI\ModuleExplorer.cpp has 889 sloc.
File C:\Users\Andrei\C++\ECSEngine\ECSEngine\src\Includes\ECSEngineEntitiesSerialize.h has 2 sloc.
File C:\Users\Andrei\C++\ECSEngine\Editor\src\UI\ModuleExplorer.h has 21 sloc.
File C:\Users\Andrei\C++\ECSEngine\ECSEngine\src\Includes\ECSEngineForEach.h has 2 sloc.
File C:\Users\Andrei\C++\ECSEngine\ECSEngine\src\Includes\ECSEngineLinkComponents.h has 2 sloc.
File C:\Users\Andrei\C++\ECSEngine\ECSEngine\src\Includes\ECSEngineMath.h has 10 sloc.
File C:\Users\Andrei\C++\ECSEngine\Editor\src\UI\NotificationBar.cpp has 163 sloc.
File C:\Users\Andrei\C++\ECSEngine\ECSEngine\src\Includes\ECSEngineModule.h has 4 sloc.
File C:\Users\Andrei\C++\ECSEngine\Editor\src\UI\NotificationBar.h has 21 sloc.
File C:\Users\Andrei\C++\ECSEngine\ECSEngine\src\Includes\ECSEngineMultithreading.h has 6 sloc.
File C:\Users\Andrei\C++\ECSEngine\Editor\src\UI\SandboxExplorer.cpp has 480 sloc.
File C:\Users\Andrei\C++\ECSEngine\ECSEngine\src\Includes\ECSEngineReflection.h has 4 sloc.
File C:\Users\Andrei\C++\ECSEngine\ECSEngine\src\Includes\ECSEngineReflectionMacros.h has 3 sloc.
File C:\Users\Andrei\C++\ECSEngine\Editor\src\UI\SandboxExplorer.h has 21 sloc.
File C:\Users\Andrei\C++\ECSEngine\ECSEngine\src\Includes\ECSEngineRendering.h has 10 sloc.
File C:\Users\Andrei\C++\ECSEngine\Editor\src\UI\Scene.cpp has 131 sloc.
File C:\Users\Andrei\C++\ECSEngine\ECSEngine\src\Includes\ECSEngineRenderingCompression.h has 3 sloc.
File C:\Users\Andrei\C++\ECSEngine\Editor\src\UI\Scene.h has 33 sloc.
File C:\Users\Andrei\C++\ECSEngine\ECSEngine\src\Includes\ECSEngineResources.h has 6 sloc.
File C:\Users\Andrei\C++\ECSEngine\Editor\src\UI\ToolbarUI.cpp has 478 sloc.
File C:\Users\Andrei\C++\ECSEngine\Editor\src\UI\ToolbarUI.h has 36 sloc.

Thread 3 additional information:
File C:\Users\Andrei\C++\ECSEngine\ECSEngine\src\Includes\ECSEngineRuntime.h has 7 sloc.
File C:\Users\Andrei\C++\ECSEngine\ECSEngine\src\Includes\ECSEngineScene.h has 2 sloc.
File C:\Users\Andrei\C++\ECSEngine\ECSEngine\src\Includes\ECSEngineSerialization.h has 7 sloc.
File C:\Users\Andrei\C++\ECSEngine\ECSEngine\src\Includes\ECSEngineSerializationHelpers.h has 2 sloc.
File C:\Users\Andrei\C++\ECSEngine\ECSEngine\src\Includes\ECSEngineStream.h has 3 sloc.
File C:\Users\Andrei\C++\ECSEngine\ECSEngine\src\Includes\ECSEngineThreadTaskExport.h has 2 sloc.
File C:\Users\Andrei\C++\ECSEngine\ECSEngine\src\Includes\ECSEngineTimer.h has 2 sloc.
File C:\Users\Andrei\C++\ECSEngine\ECSEngine\src\Includes\ECSEngineUI.h has 11 sloc.
File C:\Users\Andrei\C++\ECSEngine\ECSEngine\src\Includes\ECSEngineUtilities.h has 20 sloc.
File C:\Users\Andrei\C++\ECSEngine\ECSEngine\src\Includes\ECSEngineWorld.h has 2 sloc.
File C:\Users\Andrei\C++\ECSEngine\ECSEngine\src\Includes\ecspch.cpp has 1 sloc.
File C:\Users\Andrei\C++\ECSEngine\ECSEngine\src\Includes\ecspch.h has 80 sloc.
File C:\Users\Andrei\C++\ECSEngine\ECSEngine\src\Includes\EntryPoint.h has 46 sloc.
File C:\Users\Andrei\C++\ECSEngine\ECSEngine\src\ECSEngine\Application.cpp has 43 sloc.
File C:\Users\Andrei\C++\ECSEngine\ECSEngine\src\ECSEngine\Application.h has 59 sloc.
File C:\Users\Andrei\C++\ECSEngine\ECSEngine\src\ECSEngine\ApplicationUtilities.cpp has 48 sloc.
File C:\Users\Andrei\C++\ECSEngine\ECSEngine\src\ECSEngine\ApplicationUtilities.h has 11 sloc.
File C:\Users\Andrei\C++\ECSEngine\ECSEngine\src\ECSEngine\Core.h has 177 sloc.
File C:\Users\Andrei\C++\ECSEngine\Editor\src\UI\Inspector\InspectorEntity.cpp has 1001 sloc.
File C:\Users\Andrei\C++\ECSEngine\Editor\src\UI\Inspector\InspectorGPUSamplerFile.cpp has 163 sloc.
File C:\Users\Andrei\C++\ECSEngine\Editor\src\UI\Inspector\InspectorGPUSamplerFile.h has 10 sloc.
File C:\Users\Andrei\C++\ECSEngine\Editor\src\UI\Inspector\InspectorMaterialFile.cpp has 1037 sloc.
File C:\Users\Andrei\C++\ECSEngine\Editor\src\UI\Inspector\InspectorMaterialFile.h has 10 sloc.
File C:\Users\Andrei\C++\ECSEngine\Editor\src\UI\Inspector\InspectorMeshFile.cpp has 349 sloc.

Thread 4 additional information:
File C:\Users\Andrei\C++\ECSEngine\Editor\src\UI\Inspector\InspectorMeshFile.h has 12 sloc.
File C:\Users\Andrei\C++\ECSEngine\Editor\src\UI\Inspector\InspectorMiscFile.cpp has 92 sloc.
File C:\Users\Andrei\C++\ECSEngine\Editor\src\UI\Inspector\InspectorMiscFile.h has 10 sloc.
File C:\Users\Andrei\C++\ECSEngine\Editor\src\UI\Inspector\InspectorModule.cpp has 652 sloc.
File C:\Users\Andrei\C++\ECSEngine\Editor\src\UI\Inspector\InspectorModule.h has 2 sloc.
File C:\Users\Andrei\C++\ECSEngine\Editor\src\UI\Inspector\InspectorSandboxSettings.cpp has 603 sloc.
File C:\Users\Andrei\C++\ECSEngine\Editor\src\UI\Inspector\InspectorShaderFile.cpp has 678 sloc.
File C:\Users\Andrei\C++\ECSEngine\Editor\src\UI\Inspector\InspectorShaderFile.h has 10 sloc.
File C:\Users\Andrei\C++\ECSEngine\Editor\src\UI\Inspector\InspectorTextFile.cpp has 111 sloc.
File C:\Users\Andrei\C++\ECSEngine\Editor\src\UI\Inspector\InspectorTextFile.h has 6 sloc.
File C:\Users\Andrei\C++\ECSEngine\Editor\src\UI\Inspector\InspectorTextureFile.cpp has 146 sloc.
File C:\Users\Andrei\C++\ECSEngine\Editor\src\UI\Inspector\InspectorTextureFile.h has 12 sloc.
File C:\Users\Andrei\C++\ECSEngine\Editor\src\UI\Inspector\InspectorUtilities.cpp has 282 sloc.
File C:\Users\Andrei\C++\ECSEngine\Editor\src\UI\Inspector\InspectorUtilities.h has 175 sloc.
File C:\Users\Andrei\C++\ECSEngine\ECSEngine\src\ECSEngine\Utilities\Assert.cpp has 49 sloc.
File C:\Users\Andrei\C++\ECSEngine\ECSEngine\src\ECSEngine\Utilities\Assert.h has 16 sloc.
File C:\Users\Andrei\C++\ECSEngine\ECSEngine\src\ECSEngine\Utilities\BasicTypes.h has 540 sloc.
File C:\Users\Andrei\C++\ECSEngine\ECSEngine\src\ECSEngine\Utilities\Benchmark.cpp has 311 sloc.
File C:\Users\Andrei\C++\ECSEngine\ECSEngine\src\ECSEngine\Utilities\Benchmark.h has 58 sloc.
File C:\Users\Andrei\C++\ECSEngine\ECSEngine\src\ECSEngine\Utilities\Console.cpp has 330 sloc.
File C:\Users\Andrei\C++\ECSEngine\ECSEngine\src\ECSEngine\Utilities\Console.h has 118 sloc.
File C:\Users\Andrei\C++\ECSEngine\ECSEngine\src\ECSEngine\Utilities\Crash.cpp has 71 sloc.
File C:\Users\Andrei\C++\ECSEngine\ECSEngine\src\ECSEngine\Utilities\Crash.h has 63 sloc.
File C:\Users\Andrei\C++\ECSEngine\ECSEngine\src\ECSEngine\Utilities\CrashHandler.cpp has 85 sloc.

Thread 5 additional information:
File C:\Users\Andrei\C++\ECSEngine\ECSEngine\src\ECSEngine\Utilities\CrashHandler.h has 25 sloc.
File C:\Users\Andrei\C++\ECSEngine\ECSEngine\src\ECSEngine\Utilities\Encryption.cpp has 157 sloc.
File C:\Users\Andrei\C++\ECSEngine\ECSEngine\src\ECSEngine\Utilities\Encryption.h has 36 sloc.
File C:\Users\Andrei\C++\ECSEngine\ECSEngine\src\ECSEngine\Utilities\File.cpp has 793 sloc.
File C:\Users\Andrei\C++\ECSEngine\ECSEngine\src\ECSEngine\Utilities\File.h has 299 sloc.
File C:\Users\Andrei\C++\ECSEngine\ECSEngine\src\ECSEngine\Utilities\FilePackaging.cpp has 509 sloc.
File C:\Users\Andrei\C++\ECSEngine\ECSEngine\src\ECSEngine\Utilities\FilePackaging.h has 88 sloc.
File C:\Users\Andrei\C++\ECSEngine\ECSEngine\src\ECSEngine\Utilities\ForEachFiles.cpp has 664 sloc.
File C:\Users\Andrei\C++\ECSEngine\ECSEngine\src\ECSEngine\Utilities\ForEachFiles.h has 136 sloc.
File C:\Users\Andrei\C++\ECSEngine\ECSEngine\src\ECSEngine\Utilities\Function.cpp has 2664 sloc.
File C:\Users\Andrei\C++\ECSEngine\Editor\src\Project\ProjectBackup.cpp has 266 sloc.
File C:\Users\Andrei\C++\ECSEngine\ECSEngine\src\ECSEngine\Utilities\Function.h has 928 sloc.
File C:\Users\Andrei\C++\ECSEngine\Editor\src\Project\ProjectBackup.h has 33 sloc.
File C:\Users\Andrei\C++\ECSEngine\ECSEngine\src\ECSEngine\Utilities\FunctionInterfaces.cpp has 955 sloc.
File C:\Users\Andrei\C++\ECSEngine\Editor\src\Project\ProjectFile.h has 12 sloc.
File C:\Users\Andrei\C++\ECSEngine\ECSEngine\src\ECSEngine\Utilities\FunctionInterfaces.h has 1118 sloc.
File C:\Users\Andrei\C++\ECSEngine\ECSEngine\src\ECSEngine\Utilities\Keyboard.cpp has 71 sloc.
File C:\Users\Andrei\C++\ECSEngine\Editor\src\Project\ProjectFolders.cpp has 143 sloc.
File C:\Users\Andrei\C++\ECSEngine\Editor\src\Project\ProjectFolders.h has 57 sloc.
File C:\Users\Andrei\C++\ECSEngine\ECSEngine\src\ECSEngine\Utilities\Keyboard.h has 96 sloc.
File C:\Users\Andrei\C++\ECSEngine\Editor\src\Project\ProjectOperations.cpp has 940 sloc.
File C:\Users\Andrei\C++\ECSEngine\ECSEngine\src\ECSEngine\Utilities\Mouse.cpp has 242 sloc.
File C:\Users\Andrei\C++\ECSEngine\Editor\src\Project\ProjectOperations.h has 90 sloc.
File C:\Users\Andrei\C++\ECSEngine\ECSEngine\src\ECSEngine\Utilities\Mouse.h has 146 sloc.

Thread 6 additional information:
File C:\Users\Andrei\C++\ECSEngine\ECSEngine\src\ECSEngine\Utilities\OSFunctions.cpp has 1359 sloc.
File C:\Users\Andrei\C++\ECSEngine\Editor\src\Project\ProjectUITemplate.cpp has 338 sloc.
File C:\Users\Andrei\C++\ECSEngine\ECSEngine\src\ECSEngine\Utilities\OSFunctions.h has 303 sloc.
File C:\Users\Andrei\C++\ECSEngine\Editor\src\Project\ProjectUITemplate.h has 56 sloc.
File C:\Users\Andrei\C++\ECSEngine\ECSEngine\src\ECSEngine\Utilities\Path.cpp has 405 sloc.
File C:\Users\Andrei\C++\ECSEngine\Editor\src\Project\ProjectUITemplatePreview.cpp has 382 sloc.
File C:\Users\Andrei\C++\ECSEngine\ECSEngine\src\ECSEngine\Utilities\Path.h has 174 sloc.
File C:\Users\Andrei\C++\ECSEngine\Editor\src\Project\ProjectUITemplatePreview.h has 13 sloc.
File C:\Users\Andrei\C++\ECSEngine\ECSEngine\src\ECSEngine\Utilities\ReferenceCountSerialize.cpp has 128 sloc.
File C:\Users\Andrei\C++\ECSEngine\ECSEngine\src\ECSEngine\Utilities\ReferenceCountSerialize.h has 15 sloc.
File C:\Users\Andrei\C++\ECSEngine\ECSEngine\src\ECSEngine\Utilities\StackScope.h has 81 sloc.
File C:\Users\Andrei\C++\ECSEngine\ECSEngine\src\ECSEngine\Utilities\Timer.cpp has 73 sloc.
File C:\Users\Andrei\C++\ECSEngine\ECSEngine\src\ECSEngine\Utilities\Timer.h has 41 sloc.
File C:\Users\Andrei\C++\ECSEngine\ECSEngine\src\ECSEngine\Utilities\TreeIterator.h has 329 sloc.
File C:\Users\Andrei\C++\ECSEngine\Editor\src\Modules\Module.cpp has 1726 sloc.
File C:\Users\Andrei\C++\ECSEngine\Editor\src\Modules\Module.h has 243 sloc.
File C:\Users\Andrei\C++\ECSEngine\Editor\src\Modules\ModuleDefinition.cpp has 25 sloc.
File C:\Users\Andrei\C++\ECSEngine\Editor\src\Modules\ModuleDefinition.h has 64 sloc.
File C:\Users\Andrei\C++\ECSEngine\Editor\src\Modules\ModuleFile.cpp has 144 sloc.
File C:\Users\Andrei\C++\ECSEngine\Editor\src\Modules\ModuleFile.h has 16 sloc.
File C:\Users\Andrei\C++\ECSEngine\Editor\src\Modules\ModuleSettings.cpp has 422 sloc.
File C:\Users\Andrei\C++\ECSEngine\Editor\src\Modules\ModuleSettings.h has 112 sloc.
File C:\Users\Andrei\C++\ECSEngine\ECSEngine\src\ECSEngine\Utilities\Serialization\InputSerialization.cpp has 104 sloc.
File C:\Users\Andrei\C++\ECSEngine\ECSEngine\src\ECSEngine\Utilities\Serialization\InputSerialization.h has 45 sloc.

Thread 7 additional information:
File C:\Users\Andrei\C++\ECSEngine\ECSEngine\src\ECSEngine\Utilities\Serialization\SerializationHelpers.cpp has 1068 sloc.
File C:\Users\Andrei\C++\ECSEngine\ECSEngine\src\ECSEngine\Utilities\Serialization\SerializationHelpers.h has 777 sloc.
File C:\Users\Andrei\C++\ECSEngine\ECSEngine\src\ECSEngine\Utilities\Serialization\Text\TextSerialize.cpp has 320 sloc.
File C:\Users\Andrei\C++\ECSEngine\ECSEngine\src\ECSEngine\Utilities\Serialization\Text\TextSerialize.h has 92 sloc.
File C:\Users\Andrei\C++\ECSEngine\ECSEngine\src\ECSEngine\Utilities\Serialization\Text\TextSerializeFields.cpp has 677 sloc.
File C:\Users\Andrei\C++\ECSEngine\ECSEngine\src\ECSEngine\Utilities\Serialization\Text\TextSerializeFields.h has 142 sloc.
File C:\Users\Andrei\C++\ECSEngine\Editor\src\Editor\Editor.cpp has 1109 sloc.
File C:\Users\Andrei\C++\ECSEngine\ECSEngine\src\ECSEngine\Utilities\Serialization\Binary\Serialization.cpp has 1936 sloc.
File C:\Users\Andrei\C++\ECSEngine\Editor\src\Editor\EditorComponents.cpp has 2494 sloc.
File C:\Users\Andrei\C++\ECSEngine\ECSEngine\src\ECSEngine\Utilities\Serialization\Binary\Serialization.h has 324 sloc.
File C:\Users\Andrei\C++\ECSEngine\Editor\src\Editor\EditorComponents.h has 322 sloc.
File C:\Users\Andrei\C++\ECSEngine\ECSEngine\src\ECSEngine\Utilities\Serialization\Binary\SerializationMacro.h has 2 sloc.
File C:\Users\Andrei\C++\ECSEngine\Editor\src\Editor\EditorEvent.cpp has 76 sloc.
File C:\Users\Andrei\C++\ECSEngine\ECSEngine\src\ECSEngine\Utilities\Serialization\Binary\SerializeMultisection.cpp has 483 sloc.
File C:\Users\Andrei\C++\ECSEngine\Editor\src\Editor\EditorEvent.h has 15 sloc.
File C:\Users\Andrei\C++\ECSEngine\ECSEngine\src\ECSEngine\Utilities\Serialization\Binary\SerializeMultisection.h has 131 sloc.
File C:\Users\Andrei\C++\ECSEngine\Editor\src\Editor\EditorEventDef.h has 15 sloc.
File C:\Users\Andrei\C++\ECSEngine\ECSEngine\src\ECSEngine\Utilities\Serialization\Binary\SerializeSection.cpp has 242 sloc.
File C:\Users\Andrei\C++\ECSEngine\ECSEngine\src\ECSEngine\Utilities\Serialization\Binary\SerializeSection.h has 96 sloc.
File C:\Users\Andrei\C++\ECSEngine\Editor\src\Editor\EditorFile.cpp has 200 sloc.
File C:\Users\Andrei\C++\ECSEngine\Editor\src\Editor\EditorFile.h has 21 sloc.
File C:\Users\Andrei\C++\ECSEngine\Editor\src\Editor\EditorPalette.h has 5 sloc.
File C:\Users\Andrei\C++\ECSEngine\Editor\src\Editor\EditorParameters.h has 23 sloc.
File C:\Users\Andrei\C++\ECSEngine\Editor\src\Editor\EditorSandbox.cpp has 1538 sloc.

Thread 8 additional information:
File C:\Users\Andrei\C++\ECSEngine\Editor\src\Editor\EditorSandbox.h has 562 sloc.
File C:\Users\Andrei\C++\ECSEngine\Editor\src\Editor\EditorSandboxEntityOperations.cpp has 1031 sloc.
File C:\Users\Andrei\C++\ECSEngine\Editor\src\Editor\EditorSandboxEntityOperations.h has 263 sloc.
File C:\Users\Andrei\C++\ECSEngine\Editor\src\Editor\EditorScene.cpp has 196 sloc.
File C:\Users\Andrei\C++\ECSEngine\Editor\src\Editor\EditorScene.h has 62 sloc.
File C:\Users\Andrei\C++\ECSEngine\Editor\src\Editor\EditorState.cpp has 603 sloc.
File C:\Users\Andrei\C++\ECSEngine\Editor\src\Editor\EditorState.h has 217 sloc.
File C:\Users\Andrei\C++\ECSEngine\ECSEngine\src\ECSEngine\Utilities\Reflection\Reflection.cpp has 5884 sloc.
File C:\Users\Andrei\C++\ECSEngine\ECSEngine\src\ECSEngine\Utilities\Reflection\Reflection.h has 643 sloc.
File C:\Users\Andrei\C++\ECSEngine\ECSEngine\src\ECSEngine\Utilities\Reflection\ReflectionConstants.h has 13 sloc.
File C:\Users\Andrei\C++\ECSEngine\ECSEngine\src\ECSEngine\Utilities\Reflection\ReflectionMacros.h has 50 sloc.
File C:\Users\Andrei\C++\ECSEngine\ECSEngine\src\ECSEngine\Utilities\Reflection\ReflectionStringFunctions.cpp has 890 sloc.
File C:\Users\Andrei\C++\ECSEngine\ECSEngine\src\ECSEngine\Utilities\Reflection\ReflectionStringFunctions.h has 63 sloc.
File C:\Users\Andrei\C++\ECSEngine\ECSEngine\src\ECSEngine\Utilities\Reflection\ReflectionTypes.cpp has 707 sloc.
File C:\Users\Andrei\C++\ECSEngine\ECSEngine\src\ECSEngine\Utilities\Reflection\ReflectionTypes.h has 408 sloc.
File C:\Users\Andrei\C++\ECSEngine\Editor\src\Assets\AssetExtensions.h has 40 sloc.
File C:\Users\Andrei\C++\ECSEngine\Editor\src\Assets\AssetManagement.cpp has 1709 sloc.
File C:\Users\Andrei\C++\ECSEngine\Editor\src\Assets\AssetManagement.h has 323 sloc.
File C:\Users\Andrei\C++\ECSEngine\Editor\src\Assets\AssetTick.cpp has 31 sloc.
File C:\Users\Andrei\C++\ECSEngine\Editor\src\Assets\AssetTick.h has 5 sloc.
File C:\Users\Andrei\C++\ECSEngine\Editor\src\Assets\EditorSandboxAssets.cpp has 1596 sloc.
File C:\Users\Andrei\C++\ECSEngine\Editor\src\Assets\EditorSandboxAssets.h has 199 sloc.
File C:\Users\Andrei\C++\ECSEngine\ECSEngine\src\ECSEngine\Tools\UI\UIDrawConfig.cpp has 26 sloc.
File C:\Users\Andrei\C++\ECSEngine\ECSEngine\src\ECSEngine\Tools\UI\UIDrawConfig.h has 93 sloc.

Thread 9 additional information:
File C:\Users\Andrei\C++\ECSEngine\ECSEngine\src\ECSEngine\Tools\UI\UIDrawConfigs.h has 224 sloc.
File C:\Users\Andrei\C++\ECSEngine\ECSEngine\src\ECSEngine\Tools\UI\UIDrawer.cpp has 17540 sloc.
File C:\Users\Andrei\C++\ECSEngine\ECSEngine\src\ECSEngine\Tools\UI\UIDrawer.h has 5190 sloc.
File C:\Users\Andrei\C++\ECSEngine\ECSEngine\src\ECSEngine\Tools\UI\UIDrawerActions.cpp has 3740 sloc.
File C:\Users\Andrei\C++\ECSEngine\ECSEngine\src\ECSEngine\Tools\UI\UIDrawerActions.h has 356 sloc.
File C:\Users\Andrei\C++\ECSEngine\ECSEngine\src\ECSEngine\Tools\UI\UIDrawerActionStructures.cpp has 630 sloc.
File C:\Users\Andrei\C++\ECSEngine\ECSEngine\src\ECSEngine\Tools\UI\UIDrawerActionStructures.h has 664 sloc.
File C:\Users\Andrei\C++\ECSEngine\ECSEngine\src\ECSEngine\Tools\UI\UIDrawerDescriptor.h has 41 sloc.
File C:\Users\Andrei\C++\ECSEngine\ECSEngine\src\ECSEngine\Tools\UI\UIDrawerStructures.cpp has 933 sloc.
File C:\Users\Andrei\C++\ECSEngine\ECSEngine\src\ECSEngine\Tools\UI\UIDrawerStructures.h has 1900 sloc.
File C:\Users\Andrei\C++\ECSEngine\ECSEngine\src\ECSEngine\Tools\UI\UIDrawerWindows.cpp has 2250 sloc.
File C:\Users\Andrei\C++\ECSEngine\ECSEngine\src\ECSEngine\Tools\UI\UIDrawerWindows.h has 267 sloc.
File C:\Users\Andrei\C++\ECSEngine\ECSEngine\src\ECSEngine\Tools\UI\UIHelpers.cpp has 1275 sloc.
File C:\Users\Andrei\C++\ECSEngine\ECSEngine\src\ECSEngine\Tools\UI\UIHelpers.h has 663 sloc.
File C:\Users\Andrei\C++\ECSEngine\ECSEngine\src\ECSEngine\Tools\UI\UIMacros.h has 295 sloc.
File C:\Users\Andrei\C++\ECSEngine\ECSEngine\src\ECSEngine\Tools\UI\UIOSActions.cpp has 393 sloc.
File C:\Users\Andrei\C++\ECSEngine\ECSEngine\src\ECSEngine\Tools\UI\UIOSActions.h has 178 sloc.
File C:\Users\Andrei\C++\ECSEngine\ECSEngine\src\ECSEngine\Tools\UI\UIReflection.cpp has 5088 sloc.
File C:\Users\Andrei\C++\ECSEngine\ECSEngine\src\ECSEngine\Tools\UI\UIReflection.h has 608 sloc.
File C:\Users\Andrei\C++\ECSEngine\ECSEngine\src\ECSEngine\Tools\UI\UIResourcePaths.h has 49 sloc.
File C:\Users\Andrei\C++\ECSEngine\ECSEngine\src\ECSEngine\Tools\UI\UIStructures.cpp has 858 sloc.
File C:\Users\Andrei\C++\ECSEngine\ECSEngine\src\ECSEngine\Tools\UI\UIStructures.h has 941 sloc.
File C:\Users\Andrei\C++\ECSEngine\ECSEngine\src\ECSEngine\Tools\UI\UISystem.cpp has 12952 sloc.
File C:\Users\Andrei\C++\ECSEngine\ECSEngine\src\ECSEngine\Tools\UI\UISystem.h has 1952 sloc.

Thread 10 additional information:
File C:\Users\Andrei\C++\ECSEngine\ECSEngine\src\ECSEngine\Tools\Modules\Module.cpp has 640 sloc.
File C:\Users\Andrei\C++\ECSEngine\ECSEngine\src\ECSEngine\Tools\Modules\Module.h has 101 sloc.
File C:\Users\Andrei\C++\ECSEngine\ECSEngine\src\ECSEngine\Tools\Modules\ModuleDefinition.h has 310 sloc.
File C:\Users\Andrei\C++\ECSEngine\ECSEngine\src\ECSEngine\Tools\Modules\ModuleUtilities.cpp has 269 sloc.
File C:\Users\Andrei\C++\ECSEngine\ECSEngine\src\ECSEngine\Tools\Modules\ModuleUtilities.h has 110 sloc.
File C:\Users\Andrei\C++\ECSEngine\ECSEngine\src\ECSEngine\Tools\Debug Draw\DebugDraw.cpp has 3309 sloc.
File C:\Users\Andrei\C++\ECSEngine\ECSEngine\src\ECSEngine\Tools\Debug Draw\DebugDraw.h has 561 sloc.
File C:\Users\Andrei\C++\ECSEngine\ECSEngine\src\ECSEngine\Tools\Debug Draw\DebugDrawTypes.h has 49 sloc.
File C:\Users\Andrei\C++\ECSEngine\ECSEngine\src\ECSEngine\Resources\AssetDatabase.cpp has 2216 sloc.
File C:\Users\Andrei\C++\ECSEngine\ECSEngine\src\ECSEngine\Resources\AssetDatabase.h has 657 sloc.
File C:\Users\Andrei\C++\ECSEngine\ECSEngine\src\ECSEngine\Resources\AssetDatabaseReference.cpp has 671 sloc.
File C:\Users\Andrei\C++\ECSEngine\ECSEngine\src\ECSEngine\Resources\AssetDatabaseReference.h has 203 sloc.
File C:\Users\Andrei\C++\ECSEngine\ECSEngine\src\ECSEngine\Resources\AssetLoading.cpp has 1222 sloc.
File C:\Users\Andrei\C++\ECSEngine\ECSEngine\src\ECSEngine\Resources\AssetLoading.h has 140 sloc.
File C:\Users\Andrei\C++\ECSEngine\ECSEngine\src\ECSEngine\Resources\AssetMetadata.cpp has 1605 sloc.
File C:\Users\Andrei\C++\ECSEngine\ECSEngine\src\ECSEngine\Resources\AssetMetadata.h has 651 sloc.
File C:\Users\Andrei\C++\ECSEngine\ECSEngine\src\ECSEngine\Resources\AssetMetadataHandling.cpp has 1397 sloc.
File C:\Users\Andrei\C++\ECSEngine\ECSEngine\src\ECSEngine\Resources\AssetMetadataHandling.h has 364 sloc.
File C:\Users\Andrei\C++\ECSEngine\ECSEngine\src\ECSEngine\Resources\AssetMetadataMacros.h has 17 sloc.
File C:\Users\Andrei\C++\ECSEngine\ECSEngine\src\ECSEngine\Resources\AssetMetadataSerialize.cpp has 529 sloc.
File C:\Users\Andrei\C++\ECSEngine\ECSEngine\src\ECSEngine\Resources\AssetMetadataSerialize.h has 29 sloc.
File C:\Users\Andrei\C++\ECSEngine\ECSEngine\src\ECSEngine\Resources\ResourceManager.cpp has 2742 sloc.
File C:\Users\Andrei\C++\ECSEngine\ECSEngine\src\ECSEngine\Resources\ResourceManager.h has 645 sloc.
File C:\Users\Andrei\C++\ECSEngine\ECSEngine\src\ECSEngine\Resources\ResourceTypes.h has 64 sloc.

Thread 11 additional information:
File C:\Users\Andrei\C++\ECSEngine\ECSEngine\src\ECSEngine\Resources\Scene.cpp has 230 sloc.
File C:\Users\Andrei\C++\ECSEngine\ECSEngine\src\ECSEngine\Resources\Scene.h has 69 sloc.
File C:\Users\Andrei\C++\ECSEngine\ECSEngine\src\ECSEngine\Rendering\ColorUtilities.cpp has 453 sloc.
File C:\Users\Andrei\C++\ECSEngine\ECSEngine\src\ECSEngine\Rendering\ColorUtilities.h has 204 sloc.
File C:\Users\Andrei\C++\ECSEngine\ECSEngine\src\ECSEngine\Rendering\DirectXTexHelpers.cpp has 107 sloc.
File C:\Users\Andrei\C++\ECSEngine\ECSEngine\src\ECSEngine\Rendering\DirectXTexHelpers.h has 39 sloc.
File C:\Users\Andrei\C++\ECSEngine\ECSEngine\src\ECSEngine\Rendering\Graphics.cpp has 4833 sloc.
File C:\Users\Andrei\C++\ECSEngine\ECSEngine\src\ECSEngine\Rendering\Graphics.h has 1577 sloc.
File C:\Users\Andrei\C++\ECSEngine\ECSEngine\src\ECSEngine\Rendering\GraphicsHelpers.cpp has 1081 sloc.
File C:\Users\Andrei\C++\ECSEngine\ECSEngine\src\ECSEngine\Rendering\GraphicsHelpers.h has 290 sloc.
File C:\Users\Andrei\C++\ECSEngine\ECSEngine\src\ECSEngine\Rendering\PBRMaps.cpp has 293 sloc.
File C:\Users\Andrei\C++\ECSEngine\ECSEngine\src\ECSEngine\Rendering\PBRMaps.h has 19 sloc.
File C:\Users\Andrei\C++\ECSEngine\ECSEngine\src\ECSEngine\Rendering\RenderingStructures.cpp has 1171 sloc.
File C:\Users\Andrei\C++\ECSEngine\ECSEngine\src\ECSEngine\Rendering\RenderingStructures.h has 1685 sloc.
File C:\Users\Andrei\C++\ECSEngine\ECSEngine\src\ECSEngine\Rendering\ShaderInclude.cpp has 79 sloc.
File C:\Users\Andrei\C++\ECSEngine\ECSEngine\src\ECSEngine\Rendering\ShaderInclude.h has 19 sloc.
File C:\Users\Andrei\C++\ECSEngine\ECSEngine\src\ECSEngine\Rendering\ShaderReflection.cpp has 1749 sloc.
File C:\Users\Andrei\C++\ECSEngine\ECSEngine\src\ECSEngine\Rendering\ShaderReflection.h has 235 sloc.
File C:\Users\Andrei\C++\ECSEngine\ECSEngine\src\ECSEngine\Rendering\Shader Application Stage\Lighting.cpp has 283 sloc.
File C:\Users\Andrei\C++\ECSEngine\ECSEngine\src\ECSEngine\Rendering\Shader Application Stage\Lighting.h has 186 sloc.
File C:\Users\Andrei\C++\ECSEngine\ECSEngine\src\ECSEngine\Rendering\Shader Application Stage\PBR.cpp has 120 sloc.
File C:\Users\Andrei\C++\ECSEngine\ECSEngine\src\ECSEngine\Rendering\Shader Application Stage\PBR.h has 92 sloc.
File C:\Users\Andrei\C++\ECSEngine\ECSEngine\src\ECSEngine\Rendering\Compression\TextureCompression.cpp has 575 sloc.
File C:\Users\Andrei\C++\ECSEngine\ECSEngine\src\ECSEngine\Rendering\Compression\TextureCompression.h has 100 sloc.

Thread 12 additional information:
File C:\Users\Andrei\C++\ECSEngine\ECSEngine\src\ECSEngine\Rendering\Compression\TextureCompressionTypes.h has 76 sloc.
File C:\Users\Andrei\C++\ECSEngine\ECSEngine\src\ECSEngine\Multithreading\AtomicLinearAllocator.cpp has 42 sloc.
File C:\Users\Andrei\C++\ECSEngine\ECSEngine\src\ECSEngine\Multithreading\AtomicLinearAllocator.h has 34 sloc.
File C:\Users\Andrei\C++\ECSEngine\ECSEngine\src\ECSEngine\Multithreading\ConcurrentPrimitives.cpp has 488 sloc.
File C:\Users\Andrei\C++\ECSEngine\ECSEngine\src\ECSEngine\Multithreading\ConcurrentPrimitives.h has 265 sloc.
File C:\Users\Andrei\C++\ECSEngine\ECSEngine\src\ECSEngine\Multithreading\RingBuffer.cpp has 85 sloc.
File C:\Users\Andrei\C++\ECSEngine\ECSEngine\src\ECSEngine\Multithreading\RingBuffer.h has 30 sloc.
File C:\Users\Andrei\C++\ECSEngine\ECSEngine\src\ECSEngine\Multithreading\TaskManager.cpp has 934 sloc.
File C:\Users\Andrei\C++\ECSEngine\ECSEngine\src\ECSEngine\Multithreading\TaskManager.h has 305 sloc.
File C:\Users\Andrei\C++\ECSEngine\ECSEngine\src\ECSEngine\Multithreading\TaskScheduler.cpp has 473 sloc.
File C:\Users\Andrei\C++\ECSEngine\ECSEngine\src\ECSEngine\Multithreading\TaskScheduler.h has 96 sloc.
File C:\Users\Andrei\C++\ECSEngine\ECSEngine\src\ECSEngine\Multithreading\TaskSchedulerTypes.cpp has 411 sloc.
File C:\Users\Andrei\C++\ECSEngine\ECSEngine\src\ECSEngine\Multithreading\TaskSchedulerTypes.h has 184 sloc.
File C:\Users\Andrei\C++\ECSEngine\ECSEngine\src\ECSEngine\Multithreading\TaskStealing.h has 76 sloc.
File C:\Users\Andrei\C++\ECSEngine\ECSEngine\src\ECSEngine\Multithreading\ThreadTask.cpp has 8 sloc.
File C:\Users\Andrei\C++\ECSEngine\ECSEngine\src\ECSEngine\Multithreading\ThreadTask.h has 33 sloc.
File C:\Users\Andrei\C++\ECSEngine\ECSEngine\src\ECSEngine\Multithreading\ThreadTaskExport.h has 6 sloc.
File C:\Users\Andrei\C++\ECSEngine\ECSEngine\src\ECSEngine\Math\Bezier.h has 193 sloc.
File C:\Users\Andrei\C++\ECSEngine\ECSEngine\src\ECSEngine\Math\Conversion.h has 88 sloc.
File C:\Users\Andrei\C++\ECSEngine\ECSEngine\src\ECSEngine\Math\Hermite.h has 208 sloc.
File C:\Users\Andrei\C++\ECSEngine\ECSEngine\src\ECSEngine\Math\Matrix.h has 929 sloc.
File C:\Users\Andrei\C++\ECSEngine\ECSEngine\src\ECSEngine\Math\Quaternion.h has 1036 sloc.
File C:\Users\Andrei\C++\ECSEngine\ECSEngine\src\ECSEngine\Math\Transform.h has 460 sloc.
File C:\Users\Andrei\C++\ECSEngine\ECSEngine\src\ECSEngine\Math\VCLExtensions.h has 1015 sloc.

Thread 13 additional information:
File C:\Users\Andrei\C++\ECSEngine\ECSEngine\src\ECSEngine\Math\Vector.h has 1167 sloc.
File C:\Users\Andrei\C++\ECSEngine\ECSEngine\src\ECSEngine\GLTF\cgtlf.c has 3 sloc.
File C:\Users\Andrei\C++\ECSEngine\ECSEngine\src\ECSEngine\GLTF\GLTFLoader.cpp has 1610 sloc.
File C:\Users\Andrei\C++\ECSEngine\ECSEngine\src\ECSEngine\GLTF\GLTFLoader.h has 212 sloc.
File C:\Users\Andrei\C++\ECSEngine\ECSEngine\src\ECSEngine\GLTF\GLTFThumbnail.cpp has 282 sloc.
File C:\Users\Andrei\C++\ECSEngine\ECSEngine\src\ECSEngine\GLTF\GLTFThumbnail.h has 64 sloc.
File C:\Users\Andrei\C++\ECSEngine\ECSEngine\src\ECSEngine\ECS\Archetype.cpp has 451 sloc.
File C:\Users\Andrei\C++\ECSEngine\ECSEngine\src\ECSEngine\ECS\Archetype.h has 135 sloc.
File C:\Users\Andrei\C++\ECSEngine\ECSEngine\src\ECSEngine\ECS\ArchetypeBase.cpp has 528 sloc.
File C:\Users\Andrei\C++\ECSEngine\ECSEngine\src\ECSEngine\ECS\ArchetypeBase.h has 169 sloc.
File C:\Users\Andrei\C++\ECSEngine\ECSEngine\src\ECSEngine\ECS\ArchetypeQueryCache.cpp has 427 sloc.
File C:\Users\Andrei\C++\ECSEngine\ECSEngine\src\ECSEngine\ECS\ArchetypeQueryCache.h has 86 sloc.
File C:\Users\Andrei\C++\ECSEngine\ECSEngine\src\ECSEngine\ECS\Components.h has 52 sloc.
File C:\Users\Andrei\C++\ECSEngine\ECSEngine\src\ECSEngine\ECS\EntityHierarchy.cpp has 711 sloc.
File C:\Users\Andrei\C++\ECSEngine\ECSEngine\src\ECSEngine\ECS\EntityHierarchy.h has 183 sloc.
File C:\Users\Andrei\C++\ECSEngine\ECSEngine\src\ECSEngine\ECS\EntityManager.cpp has 5101 sloc.
File C:\Users\Andrei\C++\ECSEngine\ECSEngine\src\ECSEngine\ECS\EntityManager.h has 1416 sloc.
File C:\Users\Andrei\C++\ECSEngine\ECSEngine\src\ECSEngine\ECS\EntityManagerSerialize.cpp has 2954 sloc.
File C:\Users\Andrei\C++\ECSEngine\ECSEngine\src\ECSEngine\ECS\EntityManagerSerialize.h has 195 sloc.
File C:\Users\Andrei\C++\ECSEngine\ECSEngine\src\ECSEngine\ECS\EntityManagerSerializeTypes.h has 226 sloc.
File C:\Users\Andrei\C++\ECSEngine\ECSEngine\src\ECSEngine\ECS\ForEach.cpp has 474 sloc.
File C:\Users\Andrei\C++\ECSEngine\ECSEngine\src\ECSEngine\ECS\ForEach.h has 420 sloc.
File C:\Users\Andrei\C++\ECSEngine\ECSEngine\src\ECSEngine\ECS\InternalStructures.cpp has 911 sloc.
File C:\Users\Andrei\C++\ECSEngine\ECSEngine\src\ECSEngine\ECS\InternalStructures.h has 377 sloc.

Thread 14 additional information:
File C:\Users\Andrei\C++\ECSEngine\ECSEngine\src\ECSEngine\ECS\LinkComponents.cpp has 1170 sloc.
File C:\Users\Andrei\C++\ECSEngine\ECSEngine\src\ECSEngine\ECS\LinkComponents.h has 348 sloc.
File C:\Users\Andrei\C++\ECSEngine\ECSEngine\src\ECSEngine\ECS\RuntimeResources.cpp has 48 sloc.
File C:\Users\Andrei\C++\ECSEngine\ECSEngine\src\ECSEngine\ECS\RuntimeResources.h has 23 sloc.
File C:\Users\Andrei\C++\ECSEngine\ECSEngine\src\ECSEngine\ECS\SystemManager.cpp has 283 sloc.
File C:\Users\Andrei\C++\ECSEngine\ECSEngine\src\ECSEngine\ECS\SystemManager.h has 68 sloc.
File C:\Users\Andrei\C++\ECSEngine\ECSEngine\src\ECSEngine\ECS\VectorComponentSignature.cpp has 997 sloc.
File C:\Users\Andrei\C++\ECSEngine\ECSEngine\src\ECSEngine\ECS\VectorComponentSignature.h has 109 sloc.
File C:\Users\Andrei\C++\ECSEngine\ECSEngine\src\ECSEngine\ECS\World.cpp has 272 sloc.
File C:\Users\Andrei\C++\ECSEngine\ECSEngine\src\ECSEngine\ECS\World.h has 101 sloc.
File C:\Users\Andrei\C++\ECSEngine\ECSEngine\src\ECSEngine\Containers\AtomicStream.h has 238 sloc.
File C:\Users\Andrei\C++\ECSEngine\ECSEngine\src\ECSEngine\Containers\BlockRange.cpp has 235 sloc.
File C:\Users\Andrei\C++\ECSEngine\ECSEngine\src\ECSEngine\Containers\BlockRange.h has 52 sloc.
File C:\Users\Andrei\C++\ECSEngine\ECSEngine\src\ECSEngine\Containers\BooleanBitField.cpp has 34 sloc.
File C:\Users\Andrei\C++\ECSEngine\ECSEngine\src\ECSEngine\Containers\BooleanBitField.h has 29 sloc.
File C:\Users\Andrei\C++\ECSEngine\ECSEngine\src\ECSEngine\Containers\ConcurrentHashTable.h has 257 sloc.
File C:\Users\Andrei\C++\ECSEngine\ECSEngine\src\ECSEngine\Containers\ConcurrentHashTableSmall.h has 690 sloc.
File C:\Users\Andrei\C++\ECSEngine\ECSEngine\src\ECSEngine\Containers\DataPointer.cpp has 58 sloc.
File C:\Users\Andrei\C++\ECSEngine\ECSEngine\src\ECSEngine\Containers\DataPointer.h has 43 sloc.
File C:\Users\Andrei\C++\ECSEngine\ECSEngine\src\ECSEngine\Containers\Deck.h has 459 sloc.
File C:\Users\Andrei\C++\ECSEngine\ECSEngine\src\ECSEngine\Containers\Hashing.cpp has 118 sloc.
File C:\Users\Andrei\C++\ECSEngine\ECSEngine\src\ECSEngine\Containers\Hashing.h has 486 sloc.
File C:\Users\Andrei\C++\ECSEngine\ECSEngine\src\ECSEngine\Containers\HashTable.h has 921 sloc.
File C:\Users\Andrei\C++\ECSEngine\ECSEngine\src\ECSEngine\Containers\Queues.h has 367 sloc.

Thread 15 additional information:
File C:\Users\Andrei\C++\ECSEngine\ECSEngine\src\ECSEngine\Containers\ResizableAtomicStream.h has 126 sloc.
File C:\Users\Andrei\C++\ECSEngine\ECSEngine\src\ECSEngine\Containers\ResizableStableReferenceStream.h has 141 sloc.
File C:\Users\Andrei\C++\ECSEngine\ECSEngine\src\ECSEngine\Containers\SparseSet.cpp has 64 sloc.
File C:\Users\Andrei\C++\ECSEngine\ECSEngine\src\ECSEngine\Containers\SparseSet.h has 492 sloc.
File C:\Users\Andrei\C++\ECSEngine\ECSEngine\src\ECSEngine\Containers\StableReferenceStream.h has 481 sloc.
File C:\Users\Andrei\C++\ECSEngine\ECSEngine\src\ECSEngine\Containers\Stacks.h has 208 sloc.
File C:\Users\Andrei\C++\ECSEngine\ECSEngine\src\ECSEngine\Containers\Stream.h has 1493 sloc.
File C:\Users\Andrei\C++\ECSEngine\ECSEngine\src\ECSEngine\Allocators\AllocatorPolymorphic.cpp has 243 sloc.
File C:\Users\Andrei\C++\ECSEngine\ECSEngine\src\ECSEngine\Allocators\AllocatorPolymorphic.h has 223 sloc.
File C:\Users\Andrei\C++\ECSEngine\ECSEngine\src\ECSEngine\Allocators\AllocatorTypes.h has 27 sloc.
File C:\Users\Andrei\C++\ECSEngine\ECSEngine\src\ECSEngine\Allocators\LinearAllocator.cpp has 76 sloc.
File C:\Users\Andrei\C++\ECSEngine\ECSEngine\src\ECSEngine\Allocators\LinearAllocator.h has 51 sloc.
File C:\Users\Andrei\C++\ECSEngine\ECSEngine\src\ECSEngine\Allocators\MemoryArena.cpp has 265 sloc.
File C:\Users\Andrei\C++\ECSEngine\ECSEngine\src\ECSEngine\Allocators\MemoryArena.h has 116 sloc.
File C:\Users\Andrei\C++\ECSEngine\ECSEngine\src\ECSEngine\Allocators\MemoryManager.cpp has 300 sloc.
File C:\Users\Andrei\C++\ECSEngine\ECSEngine\src\ECSEngine\Allocators\MemoryManager.h has 103 sloc.
File C:\Users\Andrei\C++\ECSEngine\ECSEngine\src\ECSEngine\Allocators\MultipoolAllocator.cpp has 102 sloc.
File C:\Users\Andrei\C++\ECSEngine\ECSEngine\src\ECSEngine\Allocators\MultipoolAllocator.h has 53 sloc.
File C:\Users\Andrei\C++\ECSEngine\ECSEngine\src\ECSEngine\Allocators\PoolAllocator.cpp has 64 sloc.
File C:\Users\Andrei\C++\ECSEngine\ECSEngine\src\ECSEngine\Allocators\PoolAllocator.h has 38 sloc.
File C:\Users\Andrei\C++\ECSEngine\ECSEngine\src\ECSEngine\Allocators\ResizableLinearAllocator.cpp has 189 sloc.
File C:\Users\Andrei\C++\ECSEngine\ECSEngine\src\ECSEngine\Allocators\ResizableLinearAllocator.h has 83 sloc.
File C:\Users\Andrei\C++\ECSEngine\ECSEngine\src\ECSEngine\Allocators\StackAllocator.cpp has 105 sloc.
File C:\Users\Andrei\C++\ECSEngine\ECSEngine\src\ECSEngine\Allocators\StackAllocator.h has 51 sloc.
